<?xml version="1.0" encoding="UTF-8"?>
<!-- Generated by org.testng.reporters.JUnitXMLReporter -->
<testsuite hostname="alpha-PC" ignored="0" name="Free CRM App Test Cases" tests="12" failures="2" timestamp="06 Dec 2017 02:48:09 GMT" time="307.229" errors="0">
  <testcase name="loginPageTitleTest" time="0.055" classname="com.crm.qa.testcase.LoginPageTest"/>
  <testcase name="verifyHomePageTitleTest" time="0.018" classname="com.crm.qa.testcase.HomePageTest"/>
  <testcase name="verifyContactsPageLabel" time="0.076" classname="com.crm.qa.testcase.ContactsPageTest"/>
  <testcase name="crmLogoImageTest" time="0.076" classname="com.crm.qa.testcase.LoginPageTest"/>
  <testcase name="verifyUserNameTest" time="0.157" classname="com.crm.qa.testcase.HomePageTest"/>
  <testcase name="selectSingleContactsTest" time="12.027" classname="com.crm.qa.testcase.ContactsPageTest">
    <failure type="java.lang.NullPointerException">
      <![CDATA[java.lang.NullPointerException
	at org.openqa.selenium.support.events.EventFiringWebDriver.extractInterfaces(EventFiringWebDriver.java:121)
	at org.openqa.selenium.support.events.EventFiringWebDriver.access$500(EventFiringWebDriver.java:67)
	at org.openqa.selenium.support.events.EventFiringWebDriver$EventFiringWebElement.<init>(EventFiringWebDriver.java:343)
	at org.openqa.selenium.support.events.EventFiringWebDriver$EventFiringWebElement.<init>(EventFiringWebDriver.java:335)
	at org.openqa.selenium.support.events.EventFiringWebDriver.createWebElement(EventFiringWebDriver.java:308)
	at org.openqa.selenium.support.events.EventFiringWebDriver.findElement(EventFiringWebDriver.java:191)
	at com.crm.qa.pages.ContactsPage.selectContactsByName(ContactsPage.java:42)
	at com.crm.qa.testcase.ContactsPageTest.selectSingleContactsTest(ContactsPageTest.java:63)
... Removed 25 stack frames]]>
    </failure>
  </testcase> <!-- selectSingleContactsTest -->
  <testcase name="loginTest" time="6.676" classname="com.crm.qa.testcase.LoginPageTest"/>
  <testcase name="verifyContactsLinkTest" time="2.414" classname="com.crm.qa.testcase.HomePageTest"/>
  <testcase name="selectMultipleContactsTest" time="17.722" classname="com.crm.qa.testcase.ContactsPageTest">
    <failure type="java.lang.NullPointerException">
      <![CDATA[java.lang.NullPointerException
	at org.openqa.selenium.support.events.EventFiringWebDriver.extractInterfaces(EventFiringWebDriver.java:121)
	at org.openqa.selenium.support.events.EventFiringWebDriver.access$500(EventFiringWebDriver.java:67)
	at org.openqa.selenium.support.events.EventFiringWebDriver$EventFiringWebElement.<init>(EventFiringWebDriver.java:343)
	at org.openqa.selenium.support.events.EventFiringWebDriver$EventFiringWebElement.<init>(EventFiringWebDriver.java:335)
	at org.openqa.selenium.support.events.EventFiringWebDriver.createWebElement(EventFiringWebDriver.java:308)
	at org.openqa.selenium.support.events.EventFiringWebDriver.findElement(EventFiringWebDriver.java:191)
	at com.crm.qa.pages.ContactsPage.selectContactsByName(ContactsPage.java:42)
	at com.crm.qa.testcase.ContactsPageTest.selectMultipleContactsTest(ContactsPageTest.java:68)
... Removed 25 stack frames]]>
    </failure>
  </testcase> <!-- selectMultipleContactsTest -->
  <testcase name="validateCreateNewContact" time="7.449" classname="com.crm.qa.testcase.ContactsPageTest"/>
  <testcase name="validateCreateNewContact" time="7.184" classname="com.crm.qa.testcase.ContactsPageTest"/>
  <testcase name="validateCreateNewContact" time="6.232" classname="com.crm.qa.testcase.ContactsPageTest"/>
</testsuite> <!-- Free CRM App Test Cases -->
